2025-03-25 09:07:51 AM - root - ERROR - testcaseTool22: Traceback (most recent call last):
  File "testcaseTool22.py", line 1438, in comboBoxChange
AttributeError: 'MainWindow' object has no attribute 'candiclist1'


2025-03-25 09:07:51 AM - root - ERROR - testcaseTool22: Traceback (most recent call last):
  File "testcaseTool22.py", line 1438, in comboBoxChange
AttributeError: 'MainWindow' object has no attribute 'candiclist1'


2025-03-25 09:07:51 AM - root - ERROR - testcaseTool22: Traceback (most recent call last):
  File "testcaseTool22.py", line 1438, in comboBoxChange
AttributeError: 'MainWindow' object has no attribute 'candiclist1'


2025-03-25 09:07:51 AM - root - ERROR - testcaseTool22: Traceback (most recent call last):
  File "testcaseTool22.py", line 1438, in comboBoxChange
AttributeError: 'MainWindow' object has no attribute 'candiclist1'


2025-03-25 09:07:51 AM - root - ERROR - testcaseTool22: Traceback (most recent call last):
  File "testcaseTool22.py", line 1438, in comboBoxChange
AttributeError: 'MainWindow' object has no attribute 'candiclist1'


2025-03-25 09:07:51 AM - root - ERROR - testcaseTool22: Traceback (most recent call last):
  File "testcaseTool22.py", line 1438, in comboBoxChange
AttributeError: 'MainWindow' object has no attribute 'candiclist1'


2025-03-25 09:07:51 AM - root - ERROR - testcaseTool22: Traceback (most recent call last):
  File "testcaseTool22.py", line 1438, in comboBoxChange
AttributeError: 'MainWindow' object has no attribute 'candiclist1'


2025-03-25 09:07:51 AM - root - ERROR - testcaseTool22: Traceback (most recent call last):
  File "testcaseTool22.py", line 1438, in comboBoxChange
AttributeError: 'MainWindow' object has no attribute 'candiclist1'


2025-03-25 09:07:51 AM - root - ERROR - testcaseTool22: Traceback (most recent call last):
  File "testcaseTool22.py", line 1438, in comboBoxChange
AttributeError: 'MainWindow' object has no attribute 'candiclist1'


2025-03-25 09:07:51 AM - root - ERROR - testcaseTool22: Traceback (most recent call last):
  File "testcaseTool22.py", line 1438, in comboBoxChange
AttributeError: 'MainWindow' object has no attribute 'candiclist1'


2025-03-25 09:07:51 AM - root - ERROR - testcaseTool22: Traceback (most recent call last):
  File "testcaseTool22.py", line 1438, in comboBoxChange
AttributeError: 'MainWindow' object has no attribute 'candiclist1'


2025-03-25 09:07:51 AM - root - ERROR - testcaseTool22: Traceback (most recent call last):
  File "testcaseTool22.py", line 1438, in comboBoxChange
AttributeError: 'MainWindow' object has no attribute 'candiclist1'


2025-03-25 09:07:51 AM - root - ERROR - testcaseTool22: Traceback (most recent call last):
  File "testcaseTool22.py", line 1438, in comboBoxChange
AttributeError: 'MainWindow' object has no attribute 'candiclist1'


2025-03-25 09:07:52 AM - root - ERROR - testcaseTool22: Traceback (most recent call last):
  File "testcaseTool22.py", line 1438, in comboBoxChange
AttributeError: 'MainWindow' object has no attribute 'candiclist1'


2025-03-25 09:07:52 AM - root - ERROR - testcaseTool22: Traceback (most recent call last):
  File "testcaseTool22.py", line 1438, in comboBoxChange
AttributeError: 'MainWindow' object has no attribute 'candiclist1'


2025-03-25 09:07:52 AM - root - ERROR - testcaseTool22: Traceback (most recent call last):
  File "testcaseTool22.py", line 1438, in comboBoxChange
AttributeError: 'MainWindow' object has no attribute 'candiclist1'


2025-03-25 09:07:52 AM - root - ERROR - testcaseTool22: Traceback (most recent call last):
  File "testcaseTool22.py", line 1438, in comboBoxChange
AttributeError: 'MainWindow' object has no attribute 'candiclist1'


2025-03-25 09:07:54 AM - root - INFO - testcaseTool22: Copied text to clipboard: B18 低压压力温度传感器温度
B7 电池水温传感器
A8 主驾吹脚温度传感器
B21 电驱动水温传感器
2025-03-25 09:07:56 AM - root - ERROR - testcaseTool22: Traceback (most recent call last):
  File "testcaseTool22.py", line 1438, in comboBoxChange
AttributeError: 'MainWindow' object has no attribute 'candiclist1'


2025-03-25 09:07:56 AM - root - ERROR - testcaseTool22: Traceback (most recent call last):
  File "testcaseTool22.py", line 1438, in comboBoxChange
AttributeError: 'MainWindow' object has no attribute 'candiclist1'


2025-03-25 09:07:56 AM - root - ERROR - testcaseTool22: Traceback (most recent call last):
  File "testcaseTool22.py", line 1438, in comboBoxChange
AttributeError: 'MainWindow' object has no attribute 'candiclist1'


2025-03-25 09:07:56 AM - root - ERROR - testcaseTool22: Traceback (most recent call last):
  File "testcaseTool22.py", line 1438, in comboBoxChange
AttributeError: 'MainWindow' object has no attribute 'candiclist1'


2025-03-25 09:07:56 AM - root - ERROR - testcaseTool22: Traceback (most recent call last):
  File "testcaseTool22.py", line 1438, in comboBoxChange
AttributeError: 'MainWindow' object has no attribute 'candiclist1'


2025-03-25 09:07:56 AM - root - ERROR - testcaseTool22: Traceback (most recent call last):
  File "testcaseTool22.py", line 1438, in comboBoxChange
AttributeError: 'MainWindow' object has no attribute 'candiclist1'


2025-03-25 09:07:56 AM - root - ERROR - testcaseTool22: Traceback (most recent call last):
  File "testcaseTool22.py", line 1438, in comboBoxChange
AttributeError: 'MainWindow' object has no attribute 'candiclist1'


2025-03-25 09:07:56 AM - root - ERROR - testcaseTool22: Traceback (most recent call last):
  File "testcaseTool22.py", line 1438, in comboBoxChange
AttributeError: 'MainWindow' object has no attribute 'candiclist1'


2025-03-25 09:07:56 AM - root - ERROR - testcaseTool22: Traceback (most recent call last):
  File "testcaseTool22.py", line 1438, in comboBoxChange
AttributeError: 'MainWindow' object has no attribute 'candiclist1'


2025-03-25 09:07:56 AM - root - ERROR - testcaseTool22: Traceback (most recent call last):
  File "testcaseTool22.py", line 1438, in comboBoxChange
AttributeError: 'MainWindow' object has no attribute 'candiclist1'


2025-03-25 09:07:56 AM - root - ERROR - testcaseTool22: Traceback (most recent call last):
  File "testcaseTool22.py", line 1438, in comboBoxChange
AttributeError: 'MainWindow' object has no attribute 'candiclist1'


2025-03-25 09:07:56 AM - root - ERROR - testcaseTool22: Traceback (most recent call last):
  File "testcaseTool22.py", line 1438, in comboBoxChange
AttributeError: 'MainWindow' object has no attribute 'candiclist1'


2025-03-25 09:07:56 AM - root - ERROR - testcaseTool22: Traceback (most recent call last):
  File "testcaseTool22.py", line 1438, in comboBoxChange
AttributeError: 'MainWindow' object has no attribute 'candiclist1'


2025-03-25 09:07:56 AM - root - ERROR - testcaseTool22: Traceback (most recent call last):
  File "testcaseTool22.py", line 1438, in comboBoxChange
AttributeError: 'MainWindow' object has no attribute 'candiclist1'


2025-03-25 09:07:56 AM - root - ERROR - testcaseTool22: Traceback (most recent call last):
  File "testcaseTool22.py", line 1438, in comboBoxChange
AttributeError: 'MainWindow' object has no attribute 'candiclist1'


2025-03-25 09:07:56 AM - root - ERROR - testcaseTool22: Traceback (most recent call last):
  File "testcaseTool22.py", line 1438, in comboBoxChange
AttributeError: 'MainWindow' object has no attribute 'candiclist1'


2025-03-25 09:07:56 AM - root - ERROR - testcaseTool22: Traceback (most recent call last):
  File "testcaseTool22.py", line 1438, in comboBoxChange
AttributeError: 'MainWindow' object has no attribute 'candiclist1'


2025-03-25 09:07:56 AM - root - ERROR - testcaseTool22: Traceback (most recent call last):
  File "testcaseTool22.py", line 1438, in comboBoxChange
AttributeError: 'MainWindow' object has no attribute 'candiclist1'


2025-03-25 09:07:56 AM - root - ERROR - testcaseTool22: Traceback (most recent call last):
  File "testcaseTool22.py", line 1438, in comboBoxChange
AttributeError: 'MainWindow' object has no attribute 'candiclist1'


2025-03-25 09:07:56 AM - root - ERROR - testcaseTool22: Traceback (most recent call last):
  File "testcaseTool22.py", line 1438, in comboBoxChange
AttributeError: 'MainWindow' object has no attribute 'candiclist1'


2025-03-25 09:07:56 AM - root - ERROR - testcaseTool22: Traceback (most recent call last):
  File "testcaseTool22.py", line 1438, in comboBoxChange
AttributeError: 'MainWindow' object has no attribute 'candiclist1'


2025-03-25 09:07:56 AM - root - ERROR - testcaseTool22: Traceback (most recent call last):
  File "testcaseTool22.py", line 1438, in comboBoxChange
AttributeError: 'MainWindow' object has no attribute 'candiclist1'


2025-03-25 09:07:56 AM - root - ERROR - testcaseTool22: Traceback (most recent call last):
  File "testcaseTool22.py", line 1438, in comboBoxChange
AttributeError: 'MainWindow' object has no attribute 'candiclist1'


2025-03-25 09:07:56 AM - root - ERROR - testcaseTool22: Traceback (most recent call last):
  File "testcaseTool22.py", line 1438, in comboBoxChange
AttributeError: 'MainWindow' object has no attribute 'candiclist1'


2025-03-25 09:07:56 AM - root - ERROR - testcaseTool22: Traceback (most recent call last):
  File "testcaseTool22.py", line 1438, in comboBoxChange
AttributeError: 'MainWindow' object has no attribute 'candiclist1'


2025-03-25 09:07:56 AM - root - ERROR - testcaseTool22: Traceback (most recent call last):
  File "testcaseTool22.py", line 1438, in comboBoxChange
AttributeError: 'MainWindow' object has no attribute 'candiclist1'


2025-03-25 09:07:56 AM - root - ERROR - testcaseTool22: Traceback (most recent call last):
  File "testcaseTool22.py", line 1438, in comboBoxChange
AttributeError: 'MainWindow' object has no attribute 'candiclist1'


2025-03-25 09:07:56 AM - root - ERROR - testcaseTool22: Traceback (most recent call last):
  File "testcaseTool22.py", line 1438, in comboBoxChange
AttributeError: 'MainWindow' object has no attribute 'candiclist1'


2025-03-25 09:07:56 AM - root - ERROR - testcaseTool22: Traceback (most recent call last):
  File "testcaseTool22.py", line 1438, in comboBoxChange
AttributeError: 'MainWindow' object has no attribute 'candiclist1'


2025-03-25 09:07:56 AM - root - ERROR - testcaseTool22: Traceback (most recent call last):
  File "testcaseTool22.py", line 1438, in comboBoxChange
AttributeError: 'MainWindow' object has no attribute 'candiclist1'


2025-03-25 09:07:56 AM - root - ERROR - testcaseTool22: Traceback (most recent call last):
  File "testcaseTool22.py", line 1438, in comboBoxChange
AttributeError: 'MainWindow' object has no attribute 'candiclist1'


2025-03-25 09:07:56 AM - root - ERROR - testcaseTool22: Traceback (most recent call last):
  File "testcaseTool22.py", line 1438, in comboBoxChange
AttributeError: 'MainWindow' object has no attribute 'candiclist1'


2025-03-25 09:07:56 AM - root - ERROR - testcaseTool22: Traceback (most recent call last):
  File "testcaseTool22.py", line 1438, in comboBoxChange
AttributeError: 'MainWindow' object has no attribute 'candiclist1'


2025-03-25 09:07:56 AM - root - ERROR - testcaseTool22: Traceback (most recent call last):
  File "testcaseTool22.py", line 1438, in comboBoxChange
AttributeError: 'MainWindow' object has no attribute 'candiclist1'


2025-03-25 09:07:56 AM - root - ERROR - testcaseTool22: Traceback (most recent call last):
  File "testcaseTool22.py", line 1438, in comboBoxChange
AttributeError: 'MainWindow' object has no attribute 'candiclist1'


2025-03-25 09:07:56 AM - root - ERROR - testcaseTool22: Traceback (most recent call last):
  File "testcaseTool22.py", line 1438, in comboBoxChange
AttributeError: 'MainWindow' object has no attribute 'candiclist1'


2025-03-25 09:07:56 AM - root - ERROR - testcaseTool22: Traceback (most recent call last):
  File "testcaseTool22.py", line 1438, in comboBoxChange
AttributeError: 'MainWindow' object has no attribute 'candiclist1'


2025-03-25 09:07:56 AM - root - ERROR - testcaseTool22: Traceback (most recent call last):
  File "testcaseTool22.py", line 1438, in comboBoxChange
AttributeError: 'MainWindow' object has no attribute 'candiclist1'


2025-03-25 09:07:56 AM - root - ERROR - testcaseTool22: Traceback (most recent call last):
  File "testcaseTool22.py", line 1438, in comboBoxChange
AttributeError: 'MainWindow' object has no attribute 'candiclist1'


2025-03-25 09:07:56 AM - root - ERROR - testcaseTool22: Traceback (most recent call last):
  File "testcaseTool22.py", line 1438, in comboBoxChange
AttributeError: 'MainWindow' object has no attribute 'candiclist1'


2025-03-25 09:07:56 AM - root - ERROR - testcaseTool22: Traceback (most recent call last):
  File "testcaseTool22.py", line 1438, in comboBoxChange
AttributeError: 'MainWindow' object has no attribute 'candiclist1'


2025-03-25 09:07:56 AM - root - ERROR - testcaseTool22: Traceback (most recent call last):
  File "testcaseTool22.py", line 1438, in comboBoxChange
AttributeError: 'MainWindow' object has no attribute 'candiclist1'


2025-03-25 09:07:56 AM - root - ERROR - testcaseTool22: Traceback (most recent call last):
  File "testcaseTool22.py", line 1438, in comboBoxChange
AttributeError: 'MainWindow' object has no attribute 'candiclist1'


2025-03-25 09:07:56 AM - root - ERROR - testcaseTool22: Traceback (most recent call last):
  File "testcaseTool22.py", line 1438, in comboBoxChange
AttributeError: 'MainWindow' object has no attribute 'candiclist1'


2025-03-25 09:07:56 AM - root - ERROR - testcaseTool22: Traceback (most recent call last):
  File "testcaseTool22.py", line 1438, in comboBoxChange
AttributeError: 'MainWindow' object has no attribute 'candiclist1'


2025-03-25 09:07:56 AM - root - ERROR - testcaseTool22: Traceback (most recent call last):
  File "testcaseTool22.py", line 1438, in comboBoxChange
AttributeError: 'MainWindow' object has no attribute 'candiclist1'


2025-03-25 09:07:56 AM - root - ERROR - testcaseTool22: Traceback (most recent call last):
  File "testcaseTool22.py", line 1438, in comboBoxChange
AttributeError: 'MainWindow' object has no attribute 'candiclist1'


2025-03-25 09:07:56 AM - root - ERROR - testcaseTool22: Traceback (most recent call last):
  File "testcaseTool22.py", line 1438, in comboBoxChange
AttributeError: 'MainWindow' object has no attribute 'candiclist1'


2025-03-25 09:07:56 AM - root - ERROR - testcaseTool22: Traceback (most recent call last):
  File "testcaseTool22.py", line 1438, in comboBoxChange
AttributeError: 'MainWindow' object has no attribute 'candiclist1'


2025-03-25 09:07:56 AM - root - ERROR - testcaseTool22: Traceback (most recent call last):
  File "testcaseTool22.py", line 1438, in comboBoxChange
AttributeError: 'MainWindow' object has no attribute 'candiclist1'


2025-03-25 09:07:56 AM - root - ERROR - testcaseTool22: Traceback (most recent call last):
  File "testcaseTool22.py", line 1438, in comboBoxChange
AttributeError: 'MainWindow' object has no attribute 'candiclist1'


2025-03-25 09:07:59 AM - root - INFO - testcaseTool22: Pasted text 'B18 低压压力温度传感器温度' to QTableWidgetItem at (25, 2)
2025-03-25 09:07:59 AM - root - INFO - testcaseTool22: Pasted text 'B7 电池水温传感器' to QTableWidgetItem at (26, 2)
2025-03-25 09:07:59 AM - root - INFO - testcaseTool22: Pasted text 'A8 主驾吹脚温度传感器' to QTableWidgetItem at (27, 2)
2025-03-25 09:07:59 AM - root - INFO - testcaseTool22: Pasted text 'B21 电驱动水温传感器' to QTableWidgetItem at (28, 2)
2025-03-25 09:08:11 AM - root - INFO - InterfaceTest: Copied text to clipboard: 41
24
2025-03-25 09:08:14 AM - root - INFO - InterfaceTest: Pasted text '41' to QTableWidgetItem at (1, 5)
2025-03-25 09:08:14 AM - root - INFO - InterfaceTest: Pasted text '24' to QTableWidgetItem at (2, 5)
2025-03-25 09:08:18 AM - root - INFO - InterfaceTest: Copied text to clipboard: 10	41		41
424	24	244	24
2025-03-25 09:08:21 AM - root - INFO - InterfaceTest: Pasted text '10' to QTableWidgetItem at (3, 2)
2025-03-25 09:08:21 AM - root - INFO - InterfaceTest: Pasted text '41' to QTableWidgetItem at (3, 3)
2025-03-25 09:08:21 AM - root - INFO - InterfaceTest: Pasted text '' to QTableWidgetItem at (3, 4)
2025-03-25 09:08:21 AM - root - INFO - InterfaceTest: Pasted text '41' to QTableWidgetItem at (3, 5)
2025-03-25 09:08:21 AM - root - INFO - InterfaceTest: Pasted text '424' to QTableWidgetItem at (4, 2)
2025-03-25 09:08:21 AM - root - INFO - InterfaceTest: Pasted text '24' to QTableWidgetItem at (4, 3)
2025-03-25 09:08:21 AM - root - INFO - InterfaceTest: Pasted text '244' to QTableWidgetItem at (4, 4)
2025-03-25 09:08:21 AM - root - INFO - InterfaceTest: Pasted text '24' to QTableWidgetItem at (4, 5)
2025-03-25 09:08:33 AM - root - INFO - CANforLINTestTool: Copied text to clipboard: 454	5424
2025-03-25 09:08:35 AM - root - INFO - CANforLINTestTool: Pasted text '454' to QTableWidgetItem at (0, 10)
2025-03-25 09:08:35 AM - root - INFO - CANforLINTestTool: Pasted text '5424' to QTableWidgetItem at (0, 11)
2025-03-25 09:08:38 AM - root - INFO - CANforLINTestTool: Copied text to clipboard: 4524
424
2025-03-25 09:08:41 AM - root - INFO - CANforLINTestTool: Pasted text '4524' to QTableWidgetItem at (0, 13)
2025-03-25 09:08:41 AM - root - INFO - CANforLINTestTool: Pasted text '424' to QTableWidgetItem at (1, 13)
2025-03-25 09:08:45 AM - root - INFO - CANforLINTestTool: Copied text to clipboard: 4524	454	5424		4524
454	5424	424	05		42	424
2025-03-25 09:08:49 AM - root - INFO - CANforLINTestTool: Pasted text '4524' to QTableWidgetItem at (2, 7)
2025-03-25 09:08:49 AM - root - INFO - CANforLINTestTool: Pasted text '454' to QTableWidgetItem at (2, 8)
2025-03-25 09:08:49 AM - root - INFO - CANforLINTestTool: Pasted text '5424' to QTableWidgetItem at (2, 9)
2025-03-25 09:08:49 AM - root - INFO - CANforLINTestTool: Pasted text '' to QTableWidgetItem at (2, 10)
2025-03-25 09:08:49 AM - root - INFO - CANforLINTestTool: Pasted text '4524' to QTableWidgetItem at (2, 11)
2025-03-25 09:08:49 AM - root - INFO - CANforLINTestTool: Pasted text '454' to QTableWidgetItem at (3, 7)
2025-03-25 09:08:49 AM - root - INFO - CANforLINTestTool: Pasted text '5424' to QTableWidgetItem at (3, 8)
2025-03-25 09:08:49 AM - root - INFO - CANforLINTestTool: Pasted text '424' to QTableWidgetItem at (3, 9)
2025-03-25 09:08:49 AM - root - INFO - CANforLINTestTool: Pasted text '05' to QTableWidgetItem at (3, 10)
2025-03-25 09:08:49 AM - root - INFO - CANforLINTestTool: Pasted text '' to QTableWidgetItem at (3, 11)
2025-03-25 09:08:49 AM - root - INFO - CANforLINTestTool: Pasted text '42' to QTableWidgetItem at (3, 12)
2025-03-25 09:08:49 AM - root - INFO - CANforLINTestTool: Pasted text '424' to QTableWidgetItem at (3, 13)
2025-03-25 09:09:08 AM - root - INFO - SignalRoutingTestTool: Copied text to clipboard: 12	212	
12	42	42
2025-03-25 09:09:10 AM - root - INFO - SignalRoutingTestTool: Pasted text '12' to QTableWidgetItem at (2, 3)
2025-03-25 09:09:10 AM - root - INFO - SignalRoutingTestTool: Pasted text '212' to QTableWidgetItem at (2, 4)
2025-03-25 09:09:10 AM - root - INFO - SignalRoutingTestTool: Pasted text '' to QTableWidgetItem at (2, 5)
2025-03-25 09:09:10 AM - root - INFO - SignalRoutingTestTool: Pasted text '12' to QTableWidgetItem at (3, 3)
2025-03-25 09:09:10 AM - root - INFO - SignalRoutingTestTool: Pasted text '42' to QTableWidgetItem at (3, 4)
2025-03-25 09:09:10 AM - root - INFO - SignalRoutingTestTool: Pasted text '42' to QTableWidgetItem at (3, 5)
2025-03-25 09:09:13 AM - root - INFO - SignalRoutingTestTool: Pasted text '12' to QTableWidgetItem at (3, 3)
2025-03-25 09:09:13 AM - root - INFO - SignalRoutingTestTool: Pasted text '212' to QTableWidgetItem at (3, 4)
2025-03-25 09:09:13 AM - root - INFO - SignalRoutingTestTool: Pasted text '' to QTableWidgetItem at (3, 5)
2025-03-25 09:09:13 AM - root - INFO - SignalRoutingTestTool: Pasted text '12' to QTableWidgetItem at (4, 3)
2025-03-25 09:09:13 AM - root - INFO - SignalRoutingTestTool: Pasted text '42' to QTableWidgetItem at (4, 4)
2025-03-25 09:09:13 AM - root - INFO - SignalRoutingTestTool: Pasted text '42' to QTableWidgetItem at (4, 5)
2025-03-25 09:09:15 AM - root - INFO - SignalRoutingTestTool: Pasted text '12' to QTableWidgetItem at (3, 6)
2025-03-25 09:09:15 AM - root - INFO - SignalRoutingTestTool: Pasted text '212' to QTableWidgetItem at (3, 7)
2025-03-25 09:09:15 AM - root - INFO - SignalRoutingTestTool: Pasted text '' to QTableWidgetItem at (3, 8)
2025-03-25 09:09:15 AM - root - INFO - SignalRoutingTestTool: Pasted text '12' to QTableWidgetItem at (4, 6)
2025-03-25 09:09:15 AM - root - INFO - SignalRoutingTestTool: Pasted text '42' to QTableWidgetItem at (4, 7)
2025-03-25 09:09:15 AM - root - INFO - SignalRoutingTestTool: Pasted text '42' to QTableWidgetItem at (4, 8)
